[0m[32mTask[0m [0m[36mct[0m ROOT=$(pwd) && cd $INIT_CWD && deno run --allow-net --allow-ffi --allow-read --allow-write --allow-env "$ROOT/packages/cli/mod.ts" "charm" "new" "--identity" "./my.key" "--api-url" "http://127.0.0.1:8000" "--space" "ct823rapid" "./packages/runner/integration/ct-823-chat-rapid-conflicts.tsx"
[0m[33mWarning[0m experimentalDecorators compiler option is deprecated and may be removed at any time
[DEBUG][storage-transaction::20:51:46.665] [CT823-TRANSACTION] commit() called
[DEBUG][storage-transaction::20:51:46.667] [CT823-TRANSACTION] Committing 0 changes to replica
[DEBUG][storage-transaction::20:51:46.667] [CT823-TRANSACTION] commit() succeeded
[DEBUG][storage-transaction::20:51:46.677] [CT823-TRANSACTION] commit() called
[DEBUG][storage-transaction::20:51:46.677] [CT823-TRANSACTION] Committing 0 changes to replica
[DEBUG][storage-transaction::20:51:46.680] [SOURCE PATH] Read source path for of:baedreibbme7gn3pjpnox4pdoxycvyc7k3n7obk6cmpxmolaumw7rhaj6ea Value type: object Value: {"/":"baedreibeso3pbfmdkghnc6minonkhpnktoh3vkuc2qxn55lvkv3fg2d4pi"}
[DEBUG][storage-transaction::20:51:46.682] [CT823-TRANSACTION] commit() called
[DEBUG][storage-transaction::20:51:46.682] [CT823-TRANSACTION] Committing 0 changes to replica
[DEBUG][storage-transaction::20:51:46.999] [CT823-TRANSACTION] commit() succeeded
[DEBUG][storage-transaction::20:51:47.466] [CT823-TRANSACTION] commit() succeeded
[DEBUG][storage-transaction::20:51:47.470] [SOURCE PATH] Read source path for of:baedreibbme7gn3pjpnox4pdoxycvyc7k3n7obk6cmpxmolaumw7rhaj6ea Value type: object Value: {"/":"baedreibeso3pbfmdkghnc6minonkhpnktoh3vkuc2qxn55lvkv3fg2d4pi"}
[DEBUG][ct823-cell::20:51:47.473] [CT823-CELL-PUSH] push() called with 1 values
[DEBUG][ct823-cell::20:51:47.473] [CT823-CELL-PUSH] Current array length: 7
[DEBUG][ct823-cell::20:51:47.473] [CT823-CELL-PUSH] Calling diffAndUpdate with 1 new values
[DEBUG][ct823-cell::20:51:47.473] [CT823-CELL-PUSH] diffAndUpdate completed successfully
[DEBUG][storage-transaction::20:51:47.473] [CT823-TRANSACTION] commit() called
[DEBUG][storage-transaction::20:51:47.496] [CT823-TRANSACTION] Committing 0 changes to replica
[DEBUG][storage-transaction::20:51:47.816] [CT823-TRANSACTION] commit() succeeded
baedreibbme7gn3pjpnox4pdoxycvyc7k3n7obk6cmpxmolaumw7rhaj6ea
